2025-01-21 23:09:29.690Z [main] INFO  com.apata.ccms.Application - Starting Application Credit Card Management System
2025-01-25 10:36:15.257Z [main] INFO  com.zaxxer.hikari.HikariDataSource - db-config - Starting...
2025-01-25 10:36:15.265Z [main] INFO  com.zaxxer.hikari.HikariDataSource - db-config - Start completed.
2025-01-25 10:38:31.073Z [main] INFO  com.zaxxer.hikari.HikariDataSource - db-config - Starting...
2025-01-25 10:38:31.079Z [main] INFO  com.zaxxer.hikari.HikariDataSource - db-config - Start completed.
2025-01-25 10:38:31.376Z [main] INFO  com.apata.ccms.Application - Starting Application Credit Card Management System
2025-01-25 10:41:01.108Z [main] INFO  com.zaxxer.hikari.HikariDataSource - db-config - Starting...
2025-01-25 10:41:01.114Z [main] INFO  com.zaxxer.hikari.HikariDataSource - db-config - Start completed.
2025-01-25 10:41:01.380Z [main] INFO  com.apata.ccms.Application - Starting Application Credit Card Management System
2025-01-25 10:45:41.415Z [main] INFO  com.zaxxer.hikari.HikariDataSource - db-config - Starting...
2025-01-25 10:45:41.423Z [main] INFO  com.zaxxer.hikari.HikariDataSource - db-config - Start completed.
2025-01-25 10:45:41.701Z [main] INFO  com.apata.ccms.Application - Starting Application Credit Card Management System
2025-01-25 10:46:11.059Z [main] INFO  com.zaxxer.hikari.HikariDataSource - db-config - Starting...
2025-01-25 10:46:11.064Z [main] INFO  com.zaxxer.hikari.HikariDataSource - db-config - Start completed.
2025-01-25 10:46:11.336Z [main] INFO  com.apata.ccms.Application - Starting Application Credit Card Management System
2025-01-25 10:46:32.819Z [main] INFO  com.zaxxer.hikari.HikariDataSource - db-config - Starting...
2025-01-25 10:46:32.825Z [main] INFO  com.zaxxer.hikari.HikariDataSource - db-config - Start completed.
2025-01-25 10:46:33.090Z [main] INFO  com.apata.ccms.Application - Starting Application Credit Card Management System
2025-01-25 10:47:00.808Z [main] INFO  com.zaxxer.hikari.HikariDataSource - db-config - Starting...
2025-01-25 10:47:00.814Z [main] INFO  com.zaxxer.hikari.HikariDataSource - db-config - Start completed.
2025-01-25 10:47:01.086Z [main] INFO  com.apata.ccms.Application - Starting Application Credit Card Management System
2025-01-25 10:47:01.255Z [default-akka.actor.dispatchers.http-dispatcher-8] INFO  com.apata.ccms.impl.api.HttpService$ - Successfully bound server socket: interface=0.0.0.0, port=9000
2025-01-25 10:53:35.541Z [main] INFO  com.zaxxer.hikari.HikariDataSource - db-config - Starting...
2025-01-25 10:53:35.547Z [main] INFO  com.zaxxer.hikari.HikariDataSource - db-config - Start completed.
2025-01-25 10:53:35.846Z [main] INFO  com.apata.ccms.Application - Starting Application Credit Card Management System
2025-01-25 10:53:36.048Z [default-akka.actor.dispatchers.http-dispatcher-8] INFO  com.apata.ccms.impl.api.HttpService$ - Successfully bound server socket: interface=0.0.0.0, port=9000
2025-01-25 11:01:14.625Z [main] INFO  com.zaxxer.hikari.HikariDataSource - db-config - Starting...
2025-01-25 11:01:14.631Z [main] INFO  com.zaxxer.hikari.HikariDataSource - db-config - Start completed.
2025-01-25 11:01:14.903Z [main] INFO  com.apata.ccms.Application - Starting Application Credit Card Management System
2025-01-25 11:01:15.073Z [default-akka.actor.dispatchers.http-dispatcher-8] INFO  com.apata.ccms.impl.api.HttpService$ - Successfully bound server socket: interface=0.0.0.0, port=9000
2025-01-25 11:01:21.992Z [default-akka.actor.default-dispatcher-6] INFO  com.apata.ccms.impl.account.AccountServiceImpl - Successfully retrieved all accounts.
2025-01-25 15:35:36.071Z [main] INFO  com.zaxxer.hikari.HikariDataSource - db-config - Starting...
2025-01-25 15:35:36.077Z [main] INFO  com.zaxxer.hikari.HikariDataSource - db-config - Start completed.
2025-01-25 15:35:36.346Z [main] INFO  com.apata.ccms.Application - Starting Application Credit Card Management System
2025-01-25 15:35:36.517Z [default-akka.actor.dispatchers.http-dispatcher-8] INFO  com.apata.ccms.impl.api.HttpService$ - Successfully bound server socket: interface=0.0.0.0, port=9000
2025-01-25 15:35:49.561Z [default-akka.actor.default-dispatcher-9] INFO  com.apata.ccms.impl.account.AccountServiceImpl - Successfully retrieved all accounts.
2025-01-25 15:37:57.227Z [default-akka.actor.default-dispatcher-5] INFO  com.apata.ccms.impl.account.AccountServiceImpl - Creating new Account.
2025-01-25 15:37:57.238Z [default-akka.actor.default-dispatcher-5] INFO  com.apata.ccms.impl.account.AccountServiceImpl - Successfully created new account. ID: [1]
2025-01-25 15:38:05.478Z [default-akka.actor.default-dispatcher-25] INFO  com.apata.ccms.impl.account.AccountServiceImpl - Successfully retrieved all accounts.
2025-01-25 15:38:36.210Z [default-akka.actor.default-dispatcher-24] INFO  com.apata.ccms.impl.account.AccountServiceImpl - Successfully deleted account: [1]
2025-01-25 15:38:39.170Z [default-akka.actor.default-dispatcher-25] INFO  com.apata.ccms.impl.account.AccountServiceImpl - Successfully retrieved all accounts.
