2025-01-25 11:53:09.897Z [Test worker-ScalaTest-running-CreditCardAccountManagementEndpointTest] ERROR com.apata.ccms.impl.api.CreditCardAccountManagementEndpoint - Unknown Exception encountered during account creation deletion: java.lang.Exception: Failed to delete account
2025-01-25 11:53:40.779Z [Test worker-ScalaTest-running-CreditCardAccountManagementEndpointTest] ERROR com.apata.ccms.impl.api.CreditCardAccountManagementEndpoint - Unknown Exception encountered during account creation deletion: java.lang.Exception: Failed to delete account
2025-01-25 11:55:06.560Z [Test worker-ScalaTest-running-CreditCardAccountManagementEndpointTest] ERROR com.apata.ccms.impl.api.CreditCardAccountManagementEndpoint - Unknown Exception encountered during account creation deletion: java.lang.Exception: Failed to delete account
2025-01-25 11:57:04.021Z [Test worker-ScalaTest-running-CreditCardAccountManagementEndpointTest] ERROR com.apata.ccms.impl.api.CreditCardAccountManagementEndpoint - Unknown Exception encountered during account creation deletion: java.lang.Exception: Failed to delete account
2025-01-25 11:58:26.956Z [Test worker-ScalaTest-running-CreditCardAccountManagementEndpointTest] ERROR com.apata.ccms.impl.api.CreditCardAccountManagementEndpoint - Unknown Exception encountered during account creation deletion: java.lang.Exception: Failed to delete account
2025-01-25 11:59:50.803Z [Test worker-ScalaTest-running-CreditCardAccountManagementEndpointTest] ERROR com.apata.ccms.impl.api.CreditCardAccountManagementEndpoint - Unknown Exception encountered during account creation deletion: java.lang.Exception: Failed to delete account
2025-01-25 12:01:42.148Z [Test worker-ScalaTest-running-CreditCardAccountManagementEndpointTest] ERROR com.apata.ccms.impl.api.CreditCardAccountManagementEndpoint - Unknown Exception encountered during account creation deletion: java.lang.Exception: Failed to delete account
2025-01-25 12:04:05.710Z [Test worker-ScalaTest-running-CreditCardAccountManagementEndpointTest] ERROR com.apata.ccms.impl.api.CreditCardAccountManagementEndpoint - Unknown Exception encountered during account creation deletion: java.lang.Exception: Failed to delete account
2025-01-25 12:06:36.381Z [Test worker-ScalaTest-running-CreditCardAccountManagementEndpointTest] ERROR com.apata.ccms.impl.api.CreditCardAccountManagementEndpoint - Unknown Exception encountered during account creation deletion: java.lang.Exception: Failed to delete account
2025-01-25 12:10:00.932Z [Test worker-ScalaTest-running-CreditCardAccountManagementEndpointTest] ERROR com.apata.ccms.impl.api.CreditCardAccountManagementEndpoint - Unknown Exception encountered during account creation deletion: java.lang.Exception: Failed to delete account
2025-01-25 12:12:24.240Z [Test worker-ScalaTest-running-CreditCardAccountManagementEndpointTest] ERROR com.apata.ccms.impl.api.CreditCardAccountManagementEndpoint - Unknown Exception encountered during account creation deletion: java.lang.Exception: Failed to delete account
2025-01-25 13:25:10.731Z [Test worker-ScalaTest-running-CreditCardAccountManagementEndpointTest] ERROR com.apata.ccms.impl.api.CreditCardAccountManagementEndpoint - Unknown Exception encountered during account creation deletion: java.lang.Exception: Failed to delete account
2025-01-25 14:25:19.205Z [Test worker-ScalaTest-running-CreditCardAccountManagementEndpointTest] ERROR com.apata.ccms.impl.api.CreditCardAccountManagementEndpoint - Unknown Exception encountered during account creation deletion: java.lang.Exception: Failed to delete account
2025-01-25 14:43:03.179Z [scala-execution-context-global-19] ERROR com.apata.ccms.impl.account.AccountServiceImpl - Validation failed for account creation: Invalid create request: Credit card number must contain digits only.
2025-01-25 14:43:03.185Z [scala-execution-context-global-19] ERROR com.apata.ccms.impl.account.AccountServiceImpl - Validation failed for account creation: Invalid create request: Credit card number must contain digits only.
2025-01-25 14:43:03.191Z [scala-execution-context-global-20] INFO  com.apata.ccms.impl.account.AccountServiceImpl - Successfully retrieved all accounts.
2025-01-25 14:43:03.194Z [scala-execution-context-global-20] INFO  com.apata.ccms.impl.account.AccountServiceImpl - Successfully retrieved account by ID: [1]
2025-01-25 14:43:03.195Z [scala-execution-context-global-21] INFO  com.apata.ccms.impl.account.AccountServiceImpl - Successfully retrieved account by ID: [999]
2025-01-25 14:43:03.196Z [scala-execution-context-global-21] INFO  com.apata.ccms.impl.account.AccountServiceImpl - Successfully deleted account: [1]
2025-01-25 14:43:03.197Z [scala-execution-context-global-21] ERROR com.apata.ccms.impl.account.AccountServiceImpl - Validation failed for account deletion: Invalid delete request: No account matching the requested account ID.
2025-01-25 14:44:56.511Z [scala-execution-context-global-19] ERROR com.apata.ccms.impl.account.AccountServiceImpl - Validation failed for account creation: Invalid create request: Credit card number must contain digits only.
2025-01-25 14:44:56.516Z [scala-execution-context-global-19] ERROR com.apata.ccms.impl.account.AccountServiceImpl - Validation failed for account creation: Invalid create request: Credit card number must contain digits only.
2025-01-25 14:44:56.521Z [scala-execution-context-global-20] INFO  com.apata.ccms.impl.account.AccountServiceImpl - Successfully retrieved all accounts.
2025-01-25 14:44:56.523Z [scala-execution-context-global-21] INFO  com.apata.ccms.impl.account.AccountServiceImpl - Successfully retrieved account by ID: [1]
2025-01-25 14:44:56.524Z [scala-execution-context-global-21] INFO  com.apata.ccms.impl.account.AccountServiceImpl - Successfully retrieved account by ID: [999]
2025-01-25 14:44:56.525Z [scala-execution-context-global-21] INFO  com.apata.ccms.impl.account.AccountServiceImpl - Successfully deleted account: [1]
2025-01-25 14:44:56.526Z [scala-execution-context-global-21] ERROR com.apata.ccms.impl.account.AccountServiceImpl - Validation failed for account deletion: Invalid delete request: No account matching the requested account ID.
2025-01-25 14:46:15.262Z [scala-execution-context-global-20] INFO  com.apata.ccms.impl.account.AccountServiceImpl - Creating new Account.
2025-01-25 14:46:15.264Z [scala-execution-context-global-20] INFO  com.apata.ccms.impl.account.AccountServiceImpl - Successfully created new account. ID: [1]
2025-01-25 14:46:15.268Z [scala-execution-context-global-20] INFO  com.apata.ccms.impl.account.AccountServiceImpl - Creating new Account.
2025-01-25 14:46:15.268Z [scala-execution-context-global-20] INFO  com.apata.ccms.impl.account.AccountServiceImpl - Successfully created new account. ID: [1]
2025-01-25 14:46:15.273Z [scala-execution-context-global-20] INFO  com.apata.ccms.impl.account.AccountServiceImpl - Successfully retrieved all accounts.
2025-01-25 14:46:15.276Z [scala-execution-context-global-20] INFO  com.apata.ccms.impl.account.AccountServiceImpl - Successfully retrieved account by ID: [1]
2025-01-25 14:46:15.276Z [scala-execution-context-global-19] INFO  com.apata.ccms.impl.account.AccountServiceImpl - Successfully retrieved account by ID: [999]
2025-01-25 14:46:15.278Z [scala-execution-context-global-19] INFO  com.apata.ccms.impl.account.AccountServiceImpl - Successfully deleted account: [1]
2025-01-25 14:46:15.278Z [scala-execution-context-global-21] ERROR com.apata.ccms.impl.account.AccountServiceImpl - Validation failed for account deletion: Invalid delete request: No account matching the requested account ID.
2025-01-25 14:46:55.871Z [scala-execution-context-global-19] INFO  com.apata.ccms.impl.account.AccountServiceImpl - Creating new Account.
2025-01-25 14:46:55.874Z [scala-execution-context-global-20] INFO  com.apata.ccms.impl.account.AccountServiceImpl - Successfully created new account. ID: [1]
2025-01-25 14:46:55.878Z [scala-execution-context-global-20] ERROR com.apata.ccms.impl.account.AccountServiceImpl - Validation failed for account creation: Invalid create request: Cardholder name can not be empty.
2025-01-25 14:46:55.884Z [scala-execution-context-global-20] INFO  com.apata.ccms.impl.account.AccountServiceImpl - Successfully retrieved all accounts.
2025-01-25 14:46:55.886Z [scala-execution-context-global-20] INFO  com.apata.ccms.impl.account.AccountServiceImpl - Successfully retrieved account by ID: [1]
2025-01-25 14:46:55.887Z [scala-execution-context-global-19] INFO  com.apata.ccms.impl.account.AccountServiceImpl - Successfully retrieved account by ID: [999]
2025-01-25 14:46:55.888Z [scala-execution-context-global-19] INFO  com.apata.ccms.impl.account.AccountServiceImpl - Successfully deleted account: [1]
2025-01-25 14:46:55.889Z [scala-execution-context-global-19] ERROR com.apata.ccms.impl.account.AccountServiceImpl - Validation failed for account deletion: Invalid delete request: No account matching the requested account ID.
2025-01-25 14:47:41.971Z [scala-execution-context-global-20] INFO  com.apata.ccms.impl.account.AccountServiceImpl - Creating new Account.
2025-01-25 14:47:41.973Z [scala-execution-context-global-19] INFO  com.apata.ccms.impl.account.AccountServiceImpl - Successfully created new account. ID: [1]
2025-01-25 14:47:41.977Z [scala-execution-context-global-19] ERROR com.apata.ccms.impl.account.AccountServiceImpl - Validation failed for account creation: Invalid create request: Cardholder name can not be empty.
2025-01-25 14:47:41.986Z [scala-execution-context-global-20] INFO  com.apata.ccms.impl.account.AccountServiceImpl - Successfully retrieved all accounts.
2025-01-25 14:47:41.988Z [scala-execution-context-global-20] INFO  com.apata.ccms.impl.account.AccountServiceImpl - Successfully retrieved account by ID: [1]
2025-01-25 14:47:41.989Z [scala-execution-context-global-21] INFO  com.apata.ccms.impl.account.AccountServiceImpl - Successfully retrieved account by ID: [999]
2025-01-25 14:47:41.990Z [scala-execution-context-global-21] INFO  com.apata.ccms.impl.account.AccountServiceImpl - Successfully deleted account: [1]
2025-01-25 14:47:41.991Z [scala-execution-context-global-21] ERROR com.apata.ccms.impl.account.AccountServiceImpl - Validation failed for account deletion: Invalid delete request: No account matching the requested account ID.
2025-01-25 14:49:41.873Z [scala-execution-context-global-19] INFO  com.apata.ccms.impl.account.AccountServiceImpl - Creating new Account.
2025-01-25 14:49:41.875Z [scala-execution-context-global-20] INFO  com.apata.ccms.impl.account.AccountServiceImpl - Successfully created new account. ID: [1]
2025-01-25 14:49:41.879Z [scala-execution-context-global-20] ERROR com.apata.ccms.impl.account.AccountServiceImpl - Validation failed for account creation: Invalid create request: Cardholder name can not be empty.
2025-01-25 14:49:41.882Z [scala-execution-context-global-20] INFO  com.apata.ccms.impl.account.AccountServiceImpl - Successfully retrieved all accounts.
2025-01-25 14:49:41.885Z [scala-execution-context-global-21] INFO  com.apata.ccms.impl.account.AccountServiceImpl - Successfully retrieved account by ID: [1]
2025-01-25 14:49:41.886Z [scala-execution-context-global-21] INFO  com.apata.ccms.impl.account.AccountServiceImpl - Successfully retrieved account by ID: [999]
2025-01-25 14:49:41.888Z [scala-execution-context-global-21] INFO  com.apata.ccms.impl.account.AccountServiceImpl - Successfully deleted account: [1]
2025-01-25 14:49:41.889Z [scala-execution-context-global-21] ERROR com.apata.ccms.impl.account.AccountServiceImpl - Validation failed for account deletion: Invalid delete request: No account matching the requested account ID.
2025-01-25 14:50:11.533Z [scala-execution-context-global-20] INFO  com.apata.ccms.impl.account.AccountServiceImpl - Creating new Account.
2025-01-25 14:50:11.535Z [scala-execution-context-global-20] INFO  com.apata.ccms.impl.account.AccountServiceImpl - Successfully created new account. ID: [1]
2025-01-25 14:50:11.539Z [scala-execution-context-global-20] ERROR com.apata.ccms.impl.account.AccountServiceImpl - Validation failed for account creation: Invalid create request: Cardholder name can not be empty.
2025-01-25 14:50:11.542Z [scala-execution-context-global-21] INFO  com.apata.ccms.impl.account.AccountServiceImpl - Successfully retrieved all accounts.
2025-01-25 14:50:11.545Z [scala-execution-context-global-19] INFO  com.apata.ccms.impl.account.AccountServiceImpl - Successfully retrieved account by ID: [1]
2025-01-25 14:50:11.546Z [scala-execution-context-global-21] INFO  com.apata.ccms.impl.account.AccountServiceImpl - Successfully retrieved account by ID: [999]
2025-01-25 14:50:11.547Z [scala-execution-context-global-21] INFO  com.apata.ccms.impl.account.AccountServiceImpl - Successfully deleted account: [1]
2025-01-25 14:50:11.548Z [scala-execution-context-global-21] ERROR com.apata.ccms.impl.account.AccountServiceImpl - Validation failed for account deletion: Invalid delete request: No account matching the requested account ID.
2025-01-25 14:57:19.833Z [scala-execution-context-global-19] INFO  com.apata.ccms.impl.account.AccountServiceImpl - Creating new Account.
2025-01-25 14:57:19.835Z [scala-execution-context-global-20] INFO  com.apata.ccms.impl.account.AccountServiceImpl - Successfully created new account. ID: [1]
2025-01-25 14:57:19.839Z [scala-execution-context-global-20] ERROR com.apata.ccms.impl.account.AccountServiceImpl - Validation failed for account creation: Invalid create request: Cardholder name can not be empty.
2025-01-25 14:57:19.842Z [scala-execution-context-global-20] INFO  com.apata.ccms.impl.account.AccountServiceImpl - Successfully retrieved all accounts.
2025-01-25 14:57:19.845Z [scala-execution-context-global-20] INFO  com.apata.ccms.impl.account.AccountServiceImpl - Successfully retrieved account by ID: [1]
2025-01-25 14:57:19.847Z [scala-execution-context-global-19] INFO  com.apata.ccms.impl.account.AccountServiceImpl - Successfully retrieved account by ID: [999]
2025-01-25 14:57:19.848Z [scala-execution-context-global-19] INFO  com.apata.ccms.impl.account.AccountServiceImpl - Successfully deleted account: [1]
2025-01-25 14:57:19.849Z [scala-execution-context-global-19] ERROR com.apata.ccms.impl.account.AccountServiceImpl - Validation failed for account deletion: Invalid delete request: No account matching the requested account ID.
2025-01-25 14:57:59.886Z [scala-execution-context-global-20] INFO  com.apata.ccms.impl.account.AccountServiceImpl - Creating new Account.
2025-01-25 14:57:59.888Z [scala-execution-context-global-20] INFO  com.apata.ccms.impl.account.AccountServiceImpl - Successfully created new account. ID: [1]
2025-01-25 14:57:59.892Z [scala-execution-context-global-20] ERROR com.apata.ccms.impl.account.AccountServiceImpl - Validation failed for account creation: Invalid create request: Cardholder name can not be empty.
2025-01-25 14:57:59.894Z [scala-execution-context-global-20] INFO  com.apata.ccms.impl.account.AccountServiceImpl - Successfully retrieved all accounts.
2025-01-25 14:57:59.896Z [scala-execution-context-global-19] INFO  com.apata.ccms.impl.account.AccountServiceImpl - Successfully retrieved account by ID: [1]
2025-01-25 14:57:59.897Z [scala-execution-context-global-19] INFO  com.apata.ccms.impl.account.AccountServiceImpl - Successfully retrieved account by ID: [999]
2025-01-25 14:57:59.898Z [scala-execution-context-global-19] INFO  com.apata.ccms.impl.account.AccountServiceImpl - Successfully deleted account: [1]
2025-01-25 14:57:59.898Z [scala-execution-context-global-19] ERROR com.apata.ccms.impl.account.AccountServiceImpl - Validation failed for account deletion: Invalid delete request: No account matching the requested account ID.
2025-01-25 14:58:00.495Z [Test worker-ScalaTest-running-CreditCardAccountManagementEndpointTest] ERROR com.apata.ccms.impl.api.CreditCardAccountManagementEndpoint - Unknown Exception encountered during account creation deletion: java.lang.Exception: Failed to delete account
2025-01-25 14:58:14.521Z [scala-execution-context-global-20] INFO  com.apata.ccms.impl.account.AccountServiceImpl - Creating new Account.
2025-01-25 14:58:14.523Z [scala-execution-context-global-19] INFO  com.apata.ccms.impl.account.AccountServiceImpl - Successfully created new account. ID: [1]
2025-01-25 14:58:14.527Z [scala-execution-context-global-19] ERROR com.apata.ccms.impl.account.AccountServiceImpl - Validation failed for account creation: Invalid create request: Cardholder name can not be empty.
2025-01-25 14:58:14.531Z [scala-execution-context-global-19] INFO  com.apata.ccms.impl.account.AccountServiceImpl - Successfully retrieved all accounts.
2025-01-25 14:58:14.534Z [scala-execution-context-global-21] INFO  com.apata.ccms.impl.account.AccountServiceImpl - Successfully retrieved account by ID: [1]
2025-01-25 14:58:14.536Z [scala-execution-context-global-21] INFO  com.apata.ccms.impl.account.AccountServiceImpl - Successfully retrieved account by ID: [999]
2025-01-25 14:58:14.537Z [scala-execution-context-global-21] INFO  com.apata.ccms.impl.account.AccountServiceImpl - Successfully deleted account: [1]
2025-01-25 14:58:14.537Z [scala-execution-context-global-21] ERROR com.apata.ccms.impl.account.AccountServiceImpl - Validation failed for account deletion: Invalid delete request: No account matching the requested account ID.
2025-01-25 14:58:15.186Z [Test worker-ScalaTest-running-CreditCardAccountManagementEndpointTest] ERROR com.apata.ccms.impl.api.CreditCardAccountManagementEndpoint - Unknown Exception encountered during account creation deletion: java.lang.Exception: Failed to delete account
2025-01-25 14:59:12.115Z [scala-execution-context-global-20] INFO  com.apata.ccms.impl.account.AccountServiceImpl - Creating new Account.
2025-01-25 14:59:12.117Z [scala-execution-context-global-20] INFO  com.apata.ccms.impl.account.AccountServiceImpl - Successfully created new account. ID: [1]
2025-01-25 14:59:12.121Z [scala-execution-context-global-20] ERROR com.apata.ccms.impl.account.AccountServiceImpl - Validation failed for account creation: Invalid create request: Cardholder name can not be empty.
2025-01-25 14:59:12.123Z [scala-execution-context-global-20] INFO  com.apata.ccms.impl.account.AccountServiceImpl - Successfully retrieved all accounts.
2025-01-25 14:59:12.126Z [scala-execution-context-global-19] INFO  com.apata.ccms.impl.account.AccountServiceImpl - Successfully retrieved account by ID: [1]
2025-01-25 14:59:12.127Z [scala-execution-context-global-19] INFO  com.apata.ccms.impl.account.AccountServiceImpl - Successfully retrieved account by ID: [999]
2025-01-25 14:59:12.127Z [scala-execution-context-global-19] INFO  com.apata.ccms.impl.account.AccountServiceImpl - Successfully deleted account: [1]
2025-01-25 14:59:12.128Z [scala-execution-context-global-19] ERROR com.apata.ccms.impl.account.AccountServiceImpl - Validation failed for account deletion: Invalid delete request: No account matching the requested account ID.
2025-01-25 14:59:12.728Z [Test worker-ScalaTest-running-CreditCardAccountManagementEndpointTest] ERROR com.apata.ccms.impl.api.CreditCardAccountManagementEndpoint - Unknown Exception encountered during account creation deletion: java.lang.Exception: Failed to delete account
2025-01-25 14:59:28.019Z [scala-execution-context-global-20] INFO  com.apata.ccms.impl.account.AccountServiceImpl - Creating new Account.
2025-01-25 14:59:28.022Z [scala-execution-context-global-20] INFO  com.apata.ccms.impl.account.AccountServiceImpl - Successfully created new account. ID: [1]
2025-01-25 14:59:28.026Z [scala-execution-context-global-20] ERROR com.apata.ccms.impl.account.AccountServiceImpl - Validation failed for account creation: Invalid create request: Cardholder name can not be empty.
2025-01-25 14:59:28.028Z [scala-execution-context-global-20] INFO  com.apata.ccms.impl.account.AccountServiceImpl - Successfully retrieved all accounts.
2025-01-25 14:59:28.032Z [scala-execution-context-global-19] INFO  com.apata.ccms.impl.account.AccountServiceImpl - Successfully retrieved account by ID: [1]
2025-01-25 14:59:28.033Z [scala-execution-context-global-19] INFO  com.apata.ccms.impl.account.AccountServiceImpl - Successfully retrieved account by ID: [999]
2025-01-25 14:59:28.034Z [scala-execution-context-global-19] INFO  com.apata.ccms.impl.account.AccountServiceImpl - Successfully deleted account: [1]
2025-01-25 14:59:28.034Z [scala-execution-context-global-19] ERROR com.apata.ccms.impl.account.AccountServiceImpl - Validation failed for account deletion: Invalid delete request: No account matching the requested account ID.
2025-01-25 14:59:28.667Z [Test worker-ScalaTest-running-CreditCardAccountManagementEndpointTest] ERROR com.apata.ccms.impl.api.CreditCardAccountManagementEndpoint - Unknown Exception encountered during account creation deletion: java.lang.Exception: Failed to delete account
2025-01-25 15:31:39.435Z [scala-execution-context-global-20] INFO  com.apata.ccms.impl.account.AccountServiceImpl - Creating new Account.
2025-01-25 15:31:39.437Z [scala-execution-context-global-20] INFO  com.apata.ccms.impl.account.AccountServiceImpl - Successfully created new account. ID: [1]
2025-01-25 15:31:39.441Z [scala-execution-context-global-20] ERROR com.apata.ccms.impl.account.AccountServiceImpl - Validation failed for account creation: Invalid create request: Cardholder name can not be empty.
2025-01-25 15:31:39.442Z [scala-execution-context-global-20] INFO  com.apata.ccms.impl.account.AccountServiceImpl - Successfully retrieved all accounts.
2025-01-25 15:31:39.445Z [scala-execution-context-global-20] INFO  com.apata.ccms.impl.account.AccountServiceImpl - Successfully retrieved account by ID: [1]
2025-01-25 15:31:39.446Z [scala-execution-context-global-20] INFO  com.apata.ccms.impl.account.AccountServiceImpl - Successfully retrieved account by ID: [999]
2025-01-25 15:31:39.447Z [scala-execution-context-global-20] INFO  com.apata.ccms.impl.account.AccountServiceImpl - Successfully deleted account: [1]
2025-01-25 15:31:39.448Z [scala-execution-context-global-20] ERROR com.apata.ccms.impl.account.AccountServiceImpl - Validation failed for account deletion: Invalid delete request: No account matching the requested account ID.
2025-01-25 15:31:40.050Z [Test worker-ScalaTest-running-CreditCardAccountManagementEndpointTest] ERROR com.apata.ccms.impl.api.CreditCardAccountManagementEndpoint - Unknown Exception encountered during account creation request: java.lang.Exception: Failed to fetch accounts
2025-01-25 15:31:40.058Z [Test worker-ScalaTest-running-CreditCardAccountManagementEndpointTest] ERROR com.apata.ccms.impl.api.CreditCardAccountManagementEndpoint - Unknown exception encountered during account deletion: Failed to delete account
2025-01-25 15:31:40.060Z [Test worker-ScalaTest-running-CreditCardAccountManagementEndpointTest] ERROR com.apata.ccms.impl.api.CreditCardAccountManagementEndpoint - Unknown exception encountered during charge request: Transaction charge failed
2025-01-25 15:32:01.692Z [Test worker-ScalaTest-running-CreditCardAccountManagementEndpointTest] ERROR com.apata.ccms.impl.api.CreditCardAccountManagementEndpoint - Unknown Exception encountered during account creation request: java.lang.Exception: Failed to fetch accounts
2025-01-25 15:32:01.706Z [Test worker-ScalaTest-running-CreditCardAccountManagementEndpointTest] ERROR com.apata.ccms.impl.api.CreditCardAccountManagementEndpoint - Unknown exception encountered during account deletion: Failed to delete account
2025-01-25 15:32:01.709Z [Test worker-ScalaTest-running-CreditCardAccountManagementEndpointTest] ERROR com.apata.ccms.impl.api.CreditCardAccountManagementEndpoint - Unknown exception encountered during charge request: Transaction charge failed
2025-01-25 15:32:58.128Z [Test worker-ScalaTest-running-CreditCardAccountManagementEndpointTest] ERROR com.apata.ccms.impl.api.CreditCardAccountManagementEndpoint - Unknown Exception encountered during account creation request: java.lang.Exception: Failed to fetch accounts
2025-01-25 15:32:58.138Z [Test worker-ScalaTest-running-CreditCardAccountManagementEndpointTest] ERROR com.apata.ccms.impl.api.CreditCardAccountManagementEndpoint - Unknown exception encountered during account deletion: Failed to delete account
2025-01-25 15:32:58.143Z [Test worker-ScalaTest-running-CreditCardAccountManagementEndpointTest] ERROR com.apata.ccms.impl.api.CreditCardAccountManagementEndpoint - Unknown exception encountered during charge request: Transaction charge failed
2025-01-25 15:34:27.891Z [Test worker-ScalaTest-running-CreditCardAccountManagementEndpointTest] ERROR com.apata.ccms.impl.api.CreditCardAccountManagementEndpoint - Unknown Exception encountered during account creation request: java.lang.Exception: Failed to fetch accounts
2025-01-25 15:34:27.902Z [Test worker-ScalaTest-running-CreditCardAccountManagementEndpointTest] ERROR com.apata.ccms.impl.api.CreditCardAccountManagementEndpoint - Unknown exception encountered during account deletion: Failed to delete account
2025-01-25 15:34:27.904Z [Test worker-ScalaTest-running-CreditCardAccountManagementEndpointTest] ERROR com.apata.ccms.impl.api.CreditCardAccountManagementEndpoint - Unknown exception encountered during charge request: Transaction charge failed
2025-01-25 15:35:17.831Z [Test worker-ScalaTest-running-CreditCardAccountManagementEndpointTest] ERROR com.apata.ccms.impl.api.CreditCardAccountManagementEndpoint - Unknown Exception encountered during account creation request: java.lang.Exception: Failed to fetch accounts
2025-01-25 15:35:17.840Z [Test worker-ScalaTest-running-CreditCardAccountManagementEndpointTest] ERROR com.apata.ccms.impl.api.CreditCardAccountManagementEndpoint - Unknown exception encountered during account deletion: Failed to delete account
2025-01-25 15:35:17.842Z [Test worker-ScalaTest-running-CreditCardAccountManagementEndpointTest] ERROR com.apata.ccms.impl.api.CreditCardAccountManagementEndpoint - Unknown exception encountered during charge request: Transaction charge failed
2025-01-25 15:44:22.346Z [scala-execution-context-global-19] INFO  com.apata.ccms.impl.account.AccountServiceImpl - Creating new Account.
2025-01-25 15:44:22.348Z [scala-execution-context-global-20] INFO  com.apata.ccms.impl.account.AccountServiceImpl - Successfully created new account. ID: [1]
2025-01-25 15:44:22.352Z [scala-execution-context-global-20] ERROR com.apata.ccms.impl.account.AccountServiceImpl - Validation failed for account creation: Invalid create request: Cardholder name can not be empty.
2025-01-25 15:44:22.354Z [scala-execution-context-global-20] INFO  com.apata.ccms.impl.account.AccountServiceImpl - Successfully retrieved all accounts.
2025-01-25 15:44:22.358Z [scala-execution-context-global-20] INFO  com.apata.ccms.impl.account.AccountServiceImpl - Successfully retrieved account by ID: [1]
2025-01-25 15:44:22.359Z [scala-execution-context-global-20] INFO  com.apata.ccms.impl.account.AccountServiceImpl - Successfully retrieved account by ID: [999]
2025-01-25 15:44:22.360Z [scala-execution-context-global-20] INFO  com.apata.ccms.impl.account.AccountServiceImpl - Successfully deleted account: [1]
2025-01-25 15:44:22.360Z [scala-execution-context-global-20] ERROR com.apata.ccms.impl.account.AccountServiceImpl - Validation failed for account deletion: Invalid delete request: No account matching the requested account ID.
2025-01-25 15:44:22.971Z [Test worker-ScalaTest-running-CreditCardAccountManagementEndpointTest] ERROR com.apata.ccms.impl.api.CreditCardAccountManagementEndpoint - Unknown Exception encountered during account creation request: java.lang.Exception: Failed to fetch accounts
2025-01-25 15:44:22.977Z [Test worker-ScalaTest-running-CreditCardAccountManagementEndpointTest] ERROR com.apata.ccms.impl.api.CreditCardAccountManagementEndpoint - Unknown exception encountered during account deletion: Failed to delete account
2025-01-25 15:44:22.979Z [Test worker-ScalaTest-running-CreditCardAccountManagementEndpointTest] ERROR com.apata.ccms.impl.api.CreditCardAccountManagementEndpoint - Unknown exception encountered during charge request: Transaction charge failed
